2025-07-12T22:25:19Z [8082] DEBUG: Registering typed handler messageType=store_file payloadType=communication.StoreFileRequest 
2025-07-12T22:25:19Z [8082] DEBUG: Registering typed handler payloadType=communication.ReadFileRequest messageType=read_file 
2025-07-12T22:25:19Z [8082] DEBUG: Registering typed handler messageType=delete_file payloadType=communication.DeleteFileRequest 
2025-07-12T22:25:19Z [8082] DEBUG: Registering typed handler messageType=store_chunk payloadType=communication.StoreChunkRequest 
2025-07-12T22:25:19Z [8082] DEBUG: Registering typed handler messageType=read_chunk payloadType=communication.ReadChunkRequest 
2025-07-12T22:25:19Z [8082] DEBUG: Registering typed handler messageType=delete_chunk payloadType=communication.DeleteChunkRequest 
2025-07-12T22:25:19Z [8082] DEBUG: Registering typed handler messageType=store_metadata payloadType=communication.StoreMetadataRequest 
2025-07-12T22:25:19Z [8082] INFO: Starting replicated server 
2025-07-12T22:25:19Z [8082] INFO: Replicated server started successfully 
2025-07-12T22:25:23Z [8082] DEBUG: Processing message type=store_chunk 
2025-07-12T22:25:23Z [8082] INFO: Storing chunk chunkID=0462c638-3d5e-48b1-8dbc-a3b36f57f921 size=84 
2025-07-12T22:25:23Z [8082] INFO: Chunk stored successfully chunkID=0462c638-3d5e-48b1-8dbc-a3b36f57f921 
2025-07-12T22:25:23Z [8082] DEBUG: Processing message type=store_metadata 
2025-07-12T22:25:23Z [8082] INFO: Storing metadata path=test_file.txt size=84 chunks=1 
2025-07-12T22:25:23Z [8082] INFO: Metadata stored successfully path=test_file.txt 
2025-07-12T22:25:51Z [8082] DEBUG: Processing message type=delete_chunk 
2025-07-12T22:25:51Z [8082] INFO: Deleting chunk chunkID=0462c638-3d5e-48b1-8dbc-a3b36f57f921 
2025-07-12T22:25:51Z [8082] INFO: Chunk deleted successfully chunkID=0462c638-3d5e-48b1-8dbc-a3b36f57f921 
2025-07-12T22:26:55Z [8082] INFO: Stopping replicated server 
2025-07-12T22:26:55Z [8082] INFO: Replicated server stopped successfully 
